[08Dec2024 00:05:13.124] [Server thread/INFO] [net.minecraft.server.network.ServerLoginPacketListenerImpl/]: com.mojang.authlib.GameProfile@562dd41b[id=<null>,name=ZOMTASMA08,properties={},legacy=false] (/100.81.12.92:59684) lost connection: Disconnected
[08Dec2024 00:05:33.426] [Server thread/INFO] [net.minecraft.server.players.PlayerList/]: ZOMTASMA08[/100.81.12.92:59703] logged in with entity id 4824 at (12019.300000011921, 67.24918707874468, 1532.4822808887172)
[08Dec2024 00:05:33.466] [Server thread/INFO] [net.minecraft.server.MinecraftServer/]: ZOMTASMA08 joined the game
[08Dec2024 00:05:36.468] [Server thread/WARN] [net.minecraft.server.MinecraftServer/]: Can't keep up! Is the server overloaded? Running 2019ms or 40 ticks behind
[08Dec2024 00:07:08.216] [Server thread/INFO] [net.minecraft.server.network.ServerGamePacketListenerImpl/]: ZOMTASMA08 lost connection: Disconnected
[08Dec2024 00:07:08.217] [Server thread/INFO] [net.minecraft.server.MinecraftServer/]: ZOMTASMA08 left the game
[08Dec2024 00:50:14.463] [Server thread/INFO] [net.minecraft.server.players.PlayerList/]: Michak1[/100.88.119.109:49957] logged in with entity id 21191 at (12112.5, 64.0, 1496.5)
[08Dec2024 00:50:14.478] [Server thread/INFO] [net.minecraft.server.MinecraftServer/]: Michak1 joined the game
[08Dec2024 00:50:14.901] [Server thread/INFO] [net.minecraft.server.MinecraftServer/]: Michak1 has made the advancement [Ice and Fire]
[08Dec2024 00:51:47.630] [Server thread/INFO] [net.minecraft.server.MinecraftServer/]: [Not Secure] <Ratachi1398> que mas michaki
[08Dec2024 00:51:51.246] [Server thread/INFO] [net.minecraft.server.MinecraftServer/]: [Not Secure] <Michak1> ola
[08Dec2024 00:52:03.818] [Server thread/INFO] [net.minecraft.server.MinecraftServer/]: [Not Secure] <Ratachi1398> la casa abajo es de terrain
[08Dec2024 00:52:08.440] [Server thread/INFO] [net.minecraft.server.MinecraftServer/]: Michak1 has made the advancement [Stone Age]
[08Dec2024 00:52:10.967] [Server thread/INFO] [net.minecraft.server.MinecraftServer/]: [Not Secure] <Ratachi1398> la mia es la que esta en la montana
[08Dec2024 00:53:56.719] [Server thread/INFO] [net.minecraft.server.MinecraftServer/]: Michak1 has made the advancement [Getting an Upgrade]
[08Dec2024 00:54:03.072] [Server thread/INFO] [net.minecraft.server.MinecraftServer/]: [Not Secure] <Michak1> okay
[08Dec2024 00:54:15.381] [Server thread/INFO] [net.minecraft.server.MinecraftServer/]: [Not Secure] <Michak1> dejaron el mod de pelea?
[08Dec2024 00:54:21.335] [Server thread/INFO] [net.minecraft.server.MinecraftServer/]: [Not Secure] <Michak1> si
[08Dec2024 00:54:23.639] [Server thread/INFO] [net.minecraft.server.MinecraftServer/]: [Not Secure] <Ratachi1398> si pero ya funciona bien
[08Dec2024 00:55:56.482] [Server thread/INFO] [net.minecraft.server.MinecraftServer/]: Michak1 has made the advancement [Monster Hunter]
[08Dec2024 00:57:00.787] [Server thread/INFO] [net.minecraft.server.MinecraftServer/]: [Not Secure] <Michak1> y el arbol de habilidades con que boton es?
[08Dec2024 00:57:05.439] [Server thread/INFO] [net.minecraft.server.MinecraftServer/]: [Not Secure] <Ratachi1398> la o
[08Dec2024 00:57:24.828] [Server thread/INFO] [net.minecraft.server.MinecraftServer/]: [Not Secure] <Ratachi1398> escoja sabiamente
[08Dec2024 00:57:35.467] [Server thread/INFO] [net.minecraft.server.MinecraftServer/]: [Not Secure] <Ratachi1398> porque pa resetearlo es una mierda
[08Dec2024 01:00:54.994] [Server thread/INFO] [net.minecraft.server.MinecraftServer/]: [Not Secure] <Ratachi1398> posdata
[08Dec2024 01:00:59.921] [Server thread/INFO] [net.minecraft.server.MinecraftServer/]: [Not Secure] <Ratachi1398> los mods pegan durisimo
[08Dec2024 01:01:10.788] [Server thread/INFO] [net.minecraft.server.MinecraftServer/]: [Not Secure] <Ratachi1398> y si no entra en modo combate paila haces menos damafe
[08Dec2024 01:01:23.023] [Server thread/INFO] [net.minecraft.server.MinecraftServer/]: [Not Secure] <Michak1> okay
[08Dec2024 01:01:33.732] [Server thread/INFO] [net.minecraft.server.MinecraftServer/]: [Not Secure] <Ratachi1398> eso si los esqueletos entre en modo combate porque al pegarles asi los stunea y no disparan
[08Dec2024 01:01:41.069] [Server thread/INFO] [net.minecraft.server.MinecraftServer/]: [Not Secure] <Ratachi1398> si no esta en modo combate lo siguen baleando
[08Dec2024 01:06:44.492] [Server thread/INFO] [net.minecraft.server.MinecraftServer/]: Michak1 has made the advancement [Acquire Hardware]
[08Dec2024 01:06:51.883] [Server thread/INFO] [net.minecraft.server.MinecraftServer/]: Michak1 has made the advancement [Isn't It Iron Pick]
[08Dec2024 01:11:31.832] [Server thread/INFO] [net.minecraft.server.MinecraftServer/]: Michak1 has made the advancement [A Seedy Place]
[08Dec2024 01:15:07.081] [Server thread/INFO] [net.minecraft.server.MinecraftServer/]: [Not Secure] <Michak1> ratachi
[08Dec2024 01:15:14.227] [Server thread/INFO] [net.minecraft.server.MinecraftServer/]: [Not Secure] <Michak1> hierro y plata son iguales?
[08Dec2024 01:15:19.528] [Server thread/INFO] [net.minecraft.server.MinecraftServer/]: [Not Secure] <Ratachi1398> no
[08Dec2024 01:15:29.748] [Server thread/INFO] [net.minecraft.server.MinecraftServer/]: [Not Secure] <Michak1> en herramientas
[08Dec2024 01:15:31.524] [Server thread/INFO] [net.minecraft.server.MinecraftServer/]: [Not Secure] <Michak1> pico
[08Dec2024 01:15:35.398] [Server thread/INFO] [net.minecraft.server.MinecraftServer/]: [Not Secure] <Ratachi1398> no
[08Dec2024 01:15:40.726] [Server thread/INFO] [net.minecraft.server.MinecraftServer/]: [Not Secure] <Ratachi1398> plata es un tole mejor
[08Dec2024 01:15:45.672] [Server thread/INFO] [net.minecraft.server.MinecraftServer/]: [Not Secure] <Michak1> ah nice
[08Dec2024 01:15:47.826] [Server thread/INFO] [net.minecraft.server.MinecraftServer/]: [Not Secure] <Ratachi1398> pero en herramientas
[08Dec2024 01:15:52.278] [Server thread/INFO] [net.minecraft.server.MinecraftServer/]: [Not Secure] <Ratachi1398> en armor es mejor hierro
[08Dec2024 01:15:54.563] [Server thread/INFO] [net.minecraft.server.MinecraftServer/]: [Not Secure] <Michak1> he encontrado mas plata que hierro
[08Dec2024 01:15:57.179] [Server thread/INFO] [net.minecraft.server.MinecraftServer/]: [Not Secure] <Michak1> okay
[08Dec2024 01:16:23.310] [Server thread/INFO] [net.minecraft.server.MinecraftServer/]: Michak1 has made the advancement [False Water]
